<?xml version="1.0" encoding="UTF-8"?>
<!-- Generated by org.testng.reporters.JUnitReportReporter -->
<testsuite skipped="0" hostname="Vivekreddy" name="udemy.testNG.loans.DCULoans" tests="3" failures="0" timestamp="25 Oct 2018 16:28:21 GMT" time="0.011" errors="0">
  <testcase name="dcuPersonalLoan" time="0.002" classname="udemy.testNG.loans.DCULoans"/>
  <testcase name="dcuHomeLoan" time="0.005" classname="udemy.testNG.loans.DCULoans"/>
  <testcase name="dcuCarLoan" time="0.004" classname="udemy.testNG.loans.DCULoans"/>
</testsuite> <!-- udemy.testNG.loans.DCULoans -->
