<?xml version="1.0" encoding="UTF-8"?>
<!-- Generated by org.testng.reporters.JUnitReportReporter -->
<testsuite skipped="0" hostname="Vivekreddy" name="udemy.testNG.practice.AmexLoans" tests="3" failures="0" timestamp="11 Oct 2018 23:58:39 GMT" time="0.008" errors="0">
  <testcase name="amexCarLoan" time="0.003" classname="udemy.testNG.practice.AmexLoans"/>
  <testcase name="amexHomeLoan" time="0.003" classname="udemy.testNG.practice.AmexLoans"/>
  <testcase name="amexPersonalLoan" time="0.002" classname="udemy.testNG.practice.AmexLoans"/>
</testsuite> <!-- udemy.testNG.practice.AmexLoans -->
