<?xml version="1.0" encoding="UTF-8"?>
<!-- Generated by org.testng.reporters.JUnitReportReporter -->
<testsuite skipped="0" hostname="Vivekreddy" name="udemy.testNG.days.Day3" tests="3" failures="0" timestamp="25 Oct 2018 16:28:20 GMT" time="0.012" errors="0">
  <testcase name="day3afternoon" time="0.002" classname="udemy.testNG.days.Day3"/>
  <testcase name="day3night" time="0.006" classname="udemy.testNG.days.Day3"/>
  <testcase name="day3moring" time="0.004" classname="udemy.testNG.days.Day3"/>
</testsuite> <!-- udemy.testNG.days.Day3 -->
