<?xml version="1.0" encoding="UTF-8"?>
<!-- Generated by org.testng.reporters.JUnitReportReporter -->
<testsuite skipped="0" hostname="Vivekreddy" name="udemy.testNG.days.Day1" tests="3" failures="0" timestamp="25 Oct 2018 16:28:21 GMT" time="0.013" errors="0">
  <testcase name="day1moring" time="0.005" classname="udemy.testNG.days.Day1"/>
  <testcase name="day1night" time="0.004" classname="udemy.testNG.days.Day1"/>
  <testcase name="day1afternoon" time="0.004" classname="udemy.testNG.days.Day1"/>
</testsuite> <!-- udemy.testNG.days.Day1 -->
