<?xml version="1.0" encoding="UTF-8"?>
<!-- Generated by org.testng.reporters.JUnitReportReporter -->
<testsuite skipped="0" hostname="Vivekreddy" name="udemy.testNG.loans.BofALoans" tests="3" failures="0" timestamp="25 Oct 2018 16:28:21 GMT" time="0.010" errors="0">
  <testcase name="bofaHomeLoan" time="0.004" classname="udemy.testNG.loans.BofALoans"/>
  <testcase name="bofaPersonalLoan" time="0.003" classname="udemy.testNG.loans.BofALoans"/>
  <testcase name="bofaCarLoan" time="0.003" classname="udemy.testNG.loans.BofALoans"/>
</testsuite> <!-- udemy.testNG.loans.BofALoans -->
