<?xml version="1.0" encoding="UTF-8"?>
<!-- Generated by org.testng.reporters.JUnitReportReporter -->
<testsuite skipped="0" hostname="Vivekreddy" name="udemy.testNG.loans.AmexLoans" tests="3" failures="0" timestamp="25 Oct 2018 16:28:21 GMT" time="0.009" errors="0">
  <testcase name="amexHomeLoan" time="0.003" classname="udemy.testNG.loans.AmexLoans"/>
  <testcase name="amexPersonalLoan" time="0.003" classname="udemy.testNG.loans.AmexLoans"/>
  <testcase name="amexCarLoan" time="0.003" classname="udemy.testNG.loans.AmexLoans"/>
</testsuite> <!-- udemy.testNG.loans.AmexLoans -->
