<?xml version="1.0" encoding="UTF-8"?>
<!-- Generated by org.testng.reporters.JUnitReportReporter -->
<testsuite skipped="0" hostname="Vivekreddy" name="udemy.testNG.days.Day2" tests="3" failures="0" timestamp="25 Oct 2018 16:28:20 GMT" time="0.009" errors="0">
  <testcase name="day2afternoon" time="0.002" classname="udemy.testNG.days.Day2"/>
  <testcase name="day2moring" time="0.004" classname="udemy.testNG.days.Day2"/>
  <testcase name="day2night" time="0.003" classname="udemy.testNG.days.Day2"/>
</testsuite> <!-- udemy.testNG.days.Day2 -->
