<?xml version="1.0" encoding="UTF-8"?>
<!-- Generated by org.testng.reporters.JUnitReportReporter -->
<testsuite skipped="0" hostname="Vivekreddy" name="udemy.testNG.loans.LendingTree" tests="3" failures="0" timestamp="25 Oct 2018 16:28:21 GMT" time="0.011" errors="0">
  <testcase name="lendingTreeHomeLoan" time="0.003" classname="udemy.testNG.loans.LendingTree"/>
  <testcase name="lendingTreePersonalLoan" time="0.005" classname="udemy.testNG.loans.LendingTree"/>
  <testcase name="lendingTreeCarLoan" time="0.003" classname="udemy.testNG.loans.LendingTree"/>
</testsuite> <!-- udemy.testNG.loans.LendingTree -->
