<?xml version="1.0" encoding="UTF-8"?>
<!-- Generated by org.testng.reporters.JUnitReportReporter -->
<testsuite skipped="0" hostname="Vivekreddy" name="udemy.testNG.parameters.DataProviderParameter" tests="2" failures="0" timestamp="25 Oct 2018 16:28:20 GMT" time="0.006" errors="0">
  <testcase name="receiveData" time="0.003" classname="udemy.testNG.parameters.DataProviderParameter"/>
  <testcase name="receiveData" time="0.003" classname="udemy.testNG.parameters.DataProviderParameter"/>
</testsuite> <!-- udemy.testNG.parameters.DataProviderParameter -->
