<?xml version="1.0" encoding="UTF-8"?>
<!-- Generated by org.testng.reporters.JUnitReportReporter -->
<testsuite skipped="0" hostname="Vivekreddy" name="udemy.testNG.practice.BofALoans" tests="3" failures="0" timestamp="11 Oct 2018 23:58:39 GMT" time="0.009" errors="0">
  <testcase name="bofaPersonalLoan" time="0.004" classname="udemy.testNG.practice.BofALoans"/>
  <testcase name="bofaHomeLoan" time="0.002" classname="udemy.testNG.practice.BofALoans"/>
  <testcase name="bofaCarLoan" time="0.003" classname="udemy.testNG.practice.BofALoans"/>
</testsuite> <!-- udemy.testNG.practice.BofALoans -->
