<?xml version="1.0" encoding="UTF-8"?>
<!-- Generated by org.testng.reporters.JUnitReportReporter -->
<testsuite skipped="0" hostname="Vivekreddy" name="udemy.testNG.practice.DCULoans" tests="3" failures="0" timestamp="11 Oct 2018 23:58:39 GMT" time="0.040" errors="0">
  <testcase name="dcuPersonalLoan" time="0.005" classname="udemy.testNG.practice.DCULoans"/>
  <testcase name="dcuCarLoan" time="0.030" classname="udemy.testNG.practice.DCULoans"/>
  <testcase name="dcuHomeLoan" time="0.005" classname="udemy.testNG.practice.DCULoans"/>
</testsuite> <!-- udemy.testNG.practice.DCULoans -->
