<?xml version="1.0" encoding="UTF-8"?>
<!-- Generated by org.testng.reporters.JUnitReportReporter -->
<testsuite skipped="0" hostname="Vivekreddy" name="udemy.testNG.practice.LendingTree" tests="3" failures="0" timestamp="11 Oct 2018 23:58:39 GMT" time="0.013" errors="0">
  <testcase name="lendingTreeCarLoan" time="0.004" classname="udemy.testNG.practice.LendingTree"/>
  <testcase name="lendingTreePersonalLoan" time="0.005" classname="udemy.testNG.practice.LendingTree"/>
  <testcase name="lendingTreeHomeLoan" time="0.004" classname="udemy.testNG.practice.LendingTree"/>
</testsuite> <!-- udemy.testNG.practice.LendingTree -->
